{"level":"error","message":"error message","service":"user-service"}
{"level":"error","message":"error message","service":"user-service"}
{"level":"error","message":"error message","service":"user-service"}
{"level":"error","message":"error message","service":"user-service"}
{"level":"error","message":"error message","service":"user-service"}
{"level":"error","message":"error message","service":"user-service"}
{"level":"error","message":"error message","service":"user-service"}
{"level":"error","message":"error message","service":"user-service"}
{"level":"error","message":"error message","service":"user-service"}
{"level":"error","message":"error message","service":"user-service"}
{"level":"error","message":"The THX alarm is down, reboot the back-end feed so we can compress the COM circuit!","service":"user-service"}
{"level":"error","message":"If we transmit the feed, we can get to the HDD alarm through the multi-byte ADP driver!","service":"user-service"}
{"level":"error","message":"If we program the application, we can get to the DRAM feed through the solid state TLS firewall!","service":"user-service"}
{"level":"error","message":"The ASCII monitor is down, quantify the virtual protocol so we can index the JBOD microchip!","service":"user-service"}
{"level":"error","message":"The ASCII panel is down, connect the virtual program so we can navigate the SMS capacitor!","service":"user-service"}
{"level":"error","message":"If we input the sensor, we can get to the TLS microchip through the auxiliary OCR transmitter!","service":"user-service"}
{"level":"error","message":"Try to override the AI panel, maybe it will quantify the back-end monitor!","service":"user-service"}
{"level":"error","message":"The PCI microchip is down, back up the optical alarm so we can generate the API program!","service":"user-service"}
{"level":"error","message":"If we quantify the card, we can get to the IP firewall through the auxiliary PNG program!","service":"user-service"}
{"level":"error","message":"copying the circuit won't do anything, we need to index the primary ASCII program!","service":"user-service"}
{"level":"error","message":"The AI capacitor is down, back up the bluetooth feed so we can compress the DNS panel!","service":"user-service"}
